
may 16, 2014 11:55:34.16 NEW SESSION
may 16, 2014 11:55:34.16 NOTE: child process received `Goodbye', closing down
may 16, 2014 11:55:34.16 [Child 520] WARNING: pipe error: 109: file c:/builds/moz2_slave/rel-m-rel-w32_bld-000000000000/build/ipc/chromium/src/chrome/common/ipc_channel_win.cc, line 310
may 16, 2014 12:38:47.03 [Child 4568] WARNING: pipe error: 109: file c:/builds/moz2_slave/rel-m-rel-w32_bld-000000000000/build/ipc/chromium/src/chrome/common/ipc_channel_win.cc, line 310
may 16, 2014 12:38:47.04 
may 16, 2014 12:38:47.04 ###!!! [Child][MessageChannel] Error: Channel closing: too late to send/recv, messages will be lost
may 16, 2014 12:38:47.04 
may 16, 2014 12:38:47.04 NOTE: child process received `Goodbye', closing down

jun 12, 2014 22:56:18.19 NEW SESSION
jun 12, 2014 22:56:18.19 No permission to use the keyboard API for http://googleads.g.doubleclick.net
jun 12, 2014 22:56:18.28 No permission to use the keyboard API for http://googleads.g.doubleclick.net
jun 12, 2014 22:56:19.29 No permission to use the keyboard API for http://googleads.g.doubleclick.net
jun 12, 2014 23:09:14.80 NOTE: child process received `Goodbye', closing down
jun 12, 2014 23:09:14.80 [2156] WARNING: pipe error: 109: file c:/builds/moz2_slave/rel-m-rel-w32_bld-000000000000/build/ipc/chromium/src/chrome/common/ipc_channel_win.cc, line 310

jun 25, 2014 10:35:03.50 NEW SESSION
jun 25, 2014 10:35:03.50 NOTE: child process received `Goodbye', closing down
jun 25, 2014 10:35:03.52 [5068] WARNING: pipe error: 109: file c:/builds/moz2_slave/rel-m-rel-w32_bld-000000000000/build/ipc/chromium/src/chrome/common/ipc_channel_win.cc, line 310

jul 09, 2014 17:36:54.65 NEW SESSION
jul 09, 2014 17:36:54.65 1404945414637	addons.update-checker	WARN	Update manifest for {972ce4c6-7e08-4474-a285-3208198ce6fd} did not contain an updates property

jul 11, 2014 11:21:31.68 NEW SESSION
jul 11, 2014 11:21:31.68 1405095691669	addons.update-checker	WARN	Update manifest for {972ce4c6-7e08-4474-a285-3208198ce6fd} did not contain an updates property

jul 12, 2014 15:23:19.38 NEW SESSION
jul 12, 2014 15:23:19.38 1405196599366	addons.update-checker	WARN	Update manifest for {972ce4c6-7e08-4474-a285-3208198ce6fd} did not contain an updates property

jul 13, 2014 21:17:06.92 NEW SESSION
jul 13, 2014 21:17:06.92 1405304226906	addons.update-checker	WARN	Update manifest for {972ce4c6-7e08-4474-a285-3208198ce6fd} did not contain an updates property
jul 13, 2014 21:44:44.42 [Child 924] WARNING: pipe error: 109: file c:/builds/moz2_slave/rel-m-rel-w32_bld-000000000000/build/ipc/chromium/src/chrome/common/ipc_channel_win.cc, line 310

jul 16, 2014 01:35:17.55 NEW SESSION
jul 16, 2014 01:35:17.55 No permission to use the keyboard API for http://googleads.g.doubleclick.net
jul 16, 2014 01:35:17.68 No permission to use the keyboard API for http://googleads.g.doubleclick.net
jul 16, 2014 01:35:33.01 [Child 2760] WARNING: pipe error: 109: file c:/builds/moz2_slave/rel-m-rel-w32_bld-000000000000/build/ipc/chromium/src/chrome/common/ipc_channel_win.cc, line 310
jul 16, 2014 01:38:30.24 [7156] WARNING: pipe error: 109: file c:/builds/moz2_slave/rel-m-rel-w32_bld-000000000000/build/ipc/chromium/src/chrome/common/ipc_channel_win.cc, line 310

jul 16, 2014 12:38:20.19 NEW SESSION
jul 16, 2014 12:38:20.19 [Child 7976] WARNING: pipe error: 109: file c:/builds/moz2_slave/rel-m-rel-w32_bld-000000000000/build/ipc/chromium/src/chrome/common/ipc_channel_win.cc, line 310
jul 16, 2014 12:56:39.08 1405533399061	addons.update-checker	WARN	Update manifest for {972ce4c6-7e08-4474-a285-3208198ce6fd} did not contain an updates property
jul 16, 2014 13:32:43.03 No permission to use the keyboard API for http://googleads.g.doubleclick.net
jul 16, 2014 13:32:43.32 No permission to use the keyboard API for http://pubads.g.doubleclick.net
jul 16, 2014 13:32:44.53 No permission to use the keyboard API for http://googleads.g.doubleclick.net

jul 17, 2014 17:24:56.98 NEW SESSION
jul 17, 2014 17:24:56.98 No permission to use the keyboard API for http://localhost:8087
jul 17, 2014 17:28:29.98 No permission to use the keyboard API for http://localhost:8087
jul 17, 2014 17:34:33.30 No permission to use the keyboard API for http://localhost:8087
jul 17, 2014 17:35:06.95 No permission to use the keyboard API for http://localhost:8087

jul 18, 2014 02:16:03.70 NEW SESSION
jul 18, 2014 02:16:03.70 [Child 1896] WARNING: pipe error: 109: file c:/builds/moz2_slave/rel-m-rel-w32_bld-000000000000/build/ipc/chromium/src/chrome/common/ipc_channel_win.cc, line 310
jul 18, 2014 10:04:26.00 [6812] WARNING: pipe error: 109: file c:/builds/moz2_slave/rel-m-rel-w32_bld-000000000000/build/ipc/chromium/src/chrome/common/ipc_channel_win.cc, line 310
jul 18, 2014 10:35:11.79 No permission to use the keyboard API for http://es.scribd.com
jul 18, 2014 10:35:12.93 No permission to use the keyboard API for http://googleads.g.doubleclick.net
jul 18, 2014 10:35:16.32 No permission to use the keyboard API for http://es.scribd.com
jul 18, 2014 10:35:16.79 No permission to use the keyboard API for http://googleads.g.doubleclick.net
jul 18, 2014 10:35:18.32 No permission to use the keyboard API for http://syndication.adagora.com
jul 18, 2014 10:35:18.33 No permission to use the keyboard API for http://syndication.adagora.com
jul 18, 2014 10:35:18.52 No permission to use the keyboard API for http://es.scribd.com
jul 18, 2014 10:35:18.54 No permission to use the keyboard API for http://es.scribd.com
jul 18, 2014 10:35:21.60 No permission to use the keyboard API for http://googleads.g.doubleclick.net
jul 18, 2014 11:16:08.44 No permission to use the keyboard API for http://lax1.ib.adnxs.com
jul 18, 2014 11:16:08.81 No permission to use the keyboard API for http://lax1.ib.adnxs.com
jul 18, 2014 11:16:08.83 No permission to use the keyboard API for http://lax1.ib.adnxs.com
jul 18, 2014 11:16:10.69 [6764] WARNING: pipe error: 109: file c:/builds/moz2_slave/rel-m-rel-w32_bld-000000000000/build/ipc/chromium/src/chrome/common/ipc_channel_win.cc, line 310
jul 18, 2014 13:55:21.25 1405709721257	addons.update-checker	WARN	Update manifest for {972ce4c6-7e08-4474-a285-3208198ce6fd} did not contain an updates property

jul 19, 2014 22:40:28.18 NEW SESSION
jul 19, 2014 22:40:28.18 1405827628174	addons.update-checker	WARN	Update manifest for {972ce4c6-7e08-4474-a285-3208198ce6fd} did not contain an updates property
jul 20, 2014 11:54:35.40 [8592] WARNING: pipe error: 109: file c:/builds/moz2_slave/rel-m-rel-w32_bld-000000000000/build/ipc/chromium/src/chrome/common/ipc_channel_win.cc, line 310

jul 20, 2014 12:36:37.98 NEW SESSION
jul 20, 2014 12:36:37.98 No permission to use the keyboard API for http://www.techonthenet.com
jul 20, 2014 12:36:38.25 No permission to use the keyboard API for http://www.techonthenet.com
jul 20, 2014 12:36:38.36 No permission to use the keyboard API for http://www.techonthenet.com
jul 20, 2014 12:36:48.96 No permission to use the keyboard API for http://googleads.g.doubleclick.net
jul 20, 2014 12:36:49.28 No permission to use the keyboard API for http://googleads.g.doubleclick.net
jul 20, 2014 12:37:49.98 NOTE: child process received `Goodbye', closing down
jul 20, 2014 12:37:49.98 [Child 5248] WARNING: pipe error: 109: file c:/builds/moz2_slave/rel-m-rel-w32_bld-000000000000/build/ipc/chromium/src/chrome/common/ipc_channel_win.cc, line 310
jul 20, 2014 13:35:05.00 NOTE: child process received `Goodbye', closing down
jul 20, 2014 13:35:05.00 [Child 6800] WARNING: pipe error: 109: file c:/builds/moz2_slave/rel-m-rel-w32_bld-000000000000/build/ipc/chromium/src/chrome/common/ipc_channel_win.cc, line 310
jul 20, 2014 13:37:04.71 No permission to use the keyboard API for http://googleads.g.doubleclick.net
jul 20, 2014 13:37:27.04 No permission to use the keyboard API for http://googleads.g.doubleclick.net
jul 20, 2014 13:37:42.47 NOTE: child process received `Goodbye', closing down
jul 20, 2014 13:37:42.47 [Child 4880] WARNING: pipe error: 109: file c:/builds/moz2_slave/rel-m-rel-w32_bld-000000000000/build/ipc/chromium/src/chrome/common/ipc_channel_win.cc, line 310
jul 20, 2014 14:06:01.50 NOTE: child process received `Goodbye', closing down
jul 20, 2014 14:06:01.51 [3840] WARNING: pipe error: 109: file c:/builds/moz2_slave/rel-m-rel-w32_bld-000000000000/build/ipc/chromium/src/chrome/common/ipc_channel_win.cc, line 310

jul 22, 2014 02:16:35.80 NEW SESSION
jul 22, 2014 02:16:35.80 No permission to use the keyboard API for http://googleads.g.doubleclick.net
jul 22, 2014 02:17:44.30 [Child 4020] WARNING: pipe error: 109: file c:/builds/moz2_slave/rel-m-rel-w32_bld-000000000000/build/ipc/chromium/src/chrome/common/ipc_channel_win.cc, line 310
jul 22, 2014 11:25:04.18 No permission to use the keyboard API for http://googleads.g.doubleclick.net
jul 22, 2014 11:25:07.29 No permission to use the keyboard API for http://googleads.g.doubleclick.net
jul 22, 2014 11:25:09.44 No permission to use the keyboard API for http://googleads.g.doubleclick.net
jul 22, 2014 11:25:09.57 No permission to use the keyboard API for http://googleads.g.doubleclick.net
jul 22, 2014 11:26:24.41 No permission to use the keyboard API for http://googleads.g.doubleclick.net
jul 22, 2014 11:26:25.03 No permission to use the keyboard API for http://googleads.g.doubleclick.net
jul 22, 2014 11:26:34.97 No permission to use the keyboard API for http://googleads.g.doubleclick.net
jul 22, 2014 11:26:35.81 No permission to use the keyboard API for http://googleads.g.doubleclick.net
jul 22, 2014 11:26:50.37 No permission to use the keyboard API for http://googleads.g.doubleclick.net
jul 22, 2014 11:26:52.40 No permission to use the keyboard API for http://googleads.g.doubleclick.net
jul 22, 2014 11:26:57.06 No permission to use the keyboard API for http://googleads.g.doubleclick.net
jul 22, 2014 11:28:46.22 No permission to use the keyboard API for http://googleads.g.doubleclick.net
jul 22, 2014 11:28:59.47 No permission to use the keyboard API for http://googleads.g.doubleclick.net
jul 22, 2014 11:51:03.90 No permission to use the keyboard API for http://googleads.g.doubleclick.net
jul 22, 2014 11:51:12.67 No permission to use the keyboard API for http://googleads.g.doubleclick.net
jul 22, 2014 11:51:19.06 No permission to use the keyboard API for http://googleads.g.doubleclick.net
jul 22, 2014 11:51:24.98 No permission to use the keyboard API for http://googleads.g.doubleclick.net
jul 22, 2014 11:54:26.69 No permission to use the keyboard API for http://googleads.g.doubleclick.net
jul 22, 2014 12:04:55.70 No permission to use the keyboard API for http://googleads.g.doubleclick.net
jul 22, 2014 12:52:28.68 
jul 22, 2014 12:52:28.69 ###!!! [Parent][MessageChannel::InterruptCall] Error: Channel error: cannot send/recv
jul 22, 2014 12:52:28.69 
jul 22, 2014 12:52:28.69 
jul 22, 2014 12:52:28.69 ###!!! [Parent][MessageChannel::Call] Error: Channel error: cannot send/recv
jul 22, 2014 12:52:28.70 
jul 22, 2014 12:52:28.70 
jul 22, 2014 12:52:28.70 ###!!! [Parent][MessageChannel::Call] Error: Channel error: cannot send/recv
jul 22, 2014 12:52:28.70 
jul 22, 2014 12:52:28.70 
jul 22, 2014 12:52:28.70 ###!!! [Parent][MessageChannel::Call] Error: Channel error: cannot send/recv
jul 22, 2014 12:52:28.71 
jul 22, 2014 12:52:28.71 
jul 22, 2014 12:52:28.71 ###!!! [Parent][MessageChannel::Call] Error: Channel error: cannot send/recv
jul 22, 2014 12:52:28.71 
jul 22, 2014 12:52:28.71 
jul 22, 2014 12:52:28.71 ###!!! [Parent][MessageChannel::Call] Error: Channel error: cannot send/recv
jul 22, 2014 12:52:28.71 
jul 22, 2014 12:52:28.71 
jul 22, 2014 12:52:28.71 ###!!! [Parent][MessageChannel::Call] Error: Channel error: cannot send/recv
jul 22, 2014 12:52:28.71 
jul 22, 2014 12:52:28.72 
jul 22, 2014 12:52:28.72 ###!!! [Parent][MessageChannel::Call] Error: Channel error: cannot send/recv
jul 22, 2014 12:52:28.72 
jul 22, 2014 12:52:28.72 
jul 22, 2014 12:52:28.72 ###!!! [Parent][MessageChannel::Call] Error: Channel error: cannot send/recv
jul 22, 2014 12:52:28.72 
jul 22, 2014 12:52:28.72 
jul 22, 2014 12:52:28.72 ###!!! [Parent][MessageChannel::Call] Error: Channel error: cannot send/recv
jul 22, 2014 12:52:28.72 
jul 22, 2014 12:52:28.72 
jul 22, 2014 12:52:28.72 ###!!! [Parent][MessageChannel::Call] Error: Channel error: cannot send/recv
jul 22, 2014 12:52:28.72 
jul 22, 2014 12:52:28.72 
jul 22, 2014 12:52:28.72 ###!!! [Parent][MessageChannel::Call] Error: Channel error: cannot send/recv
jul 22, 2014 12:52:28.73 
jul 22, 2014 12:52:28.73 
jul 22, 2014 12:52:28.73 ###!!! [Parent][MessageChannel::Call] Error: Channel error: cannot send/recv
jul 22, 2014 12:52:28.73 
jul 22, 2014 12:52:28.73 
jul 22, 2014 12:52:28.73 ###!!! [Parent][MessageChannel::Call] Error: Channel error: cannot send/recv
jul 22, 2014 12:52:28.73 
jul 22, 2014 12:52:28.73 
jul 22, 2014 12:52:28.73 ###!!! [Parent][MessageChannel::Call] Error: Channel error: cannot send/recv
jul 22, 2014 12:52:28.73 
jul 22, 2014 12:52:28.73 
jul 22, 2014 12:52:28.74 ###!!! [Parent][MessageChannel::Call] Error: Channel error: cannot send/recv
jul 22, 2014 12:52:28.74 
jul 22, 2014 12:52:28.74 
jul 22, 2014 12:52:28.74 ###!!! [Parent][MessageChannel::Call] Error: Channel error: cannot send/recv
jul 22, 2014 12:52:28.74 
jul 22, 2014 12:52:28.74 
jul 22, 2014 12:52:28.74 ###!!! [Parent][MessageChannel::Call] Error: Channel error: cannot send/recv
jul 22, 2014 12:52:28.74 
jul 22, 2014 12:52:28.74 
jul 22, 2014 12:52:28.74 ###!!! [Parent][MessageChannel::Call] Error: Channel error: cannot send/recv
jul 22, 2014 12:52:28.75 
jul 22, 2014 12:52:28.75 
jul 22, 2014 12:52:28.75 ###!!! [Parent][MessageChannel::Call] Error: Channel error: cannot send/recv
jul 22, 2014 12:52:28.75 
jul 22, 2014 12:52:28.75 
jul 22, 2014 12:52:28.75 ###!!! [Parent][MessageChannel::Call] Error: Channel error: cannot send/recv
jul 22, 2014 12:52:28.75 
jul 22, 2014 12:52:28.75 
jul 22, 2014 12:52:28.75 ###!!! [Parent][MessageChannel::Call] Error: Channel error: cannot send/recv
jul 22, 2014 12:52:28.75 
jul 22, 2014 12:52:28.75 
jul 22, 2014 12:52:28.76 ###!!! [Parent][MessageChannel::Call] Error: Channel error: cannot send/recv
jul 22, 2014 12:52:28.76 
jul 22, 2014 12:52:28.76 
jul 22, 2014 12:52:28.76 ###!!! [Parent][MessageChannel::Call] Error: Channel error: cannot send/recv
jul 22, 2014 12:52:28.76 
jul 22, 2014 12:52:28.76 
jul 22, 2014 12:52:28.76 ###!!! [Parent][MessageChannel::Call] Error: Channel error: cannot send/recv
jul 22, 2014 12:52:28.76 
jul 22, 2014 12:52:28.76 
jul 22, 2014 12:52:28.76 ###!!! [Parent][MessageChannel::Call] Error: Channel error: cannot send/recv
jul 22, 2014 12:52:28.76 
jul 22, 2014 12:52:28.76 
jul 22, 2014 12:52:28.77 ###!!! [Parent][MessageChannel::Call] Error: Channel error: cannot send/recv
jul 22, 2014 12:52:28.77 
jul 22, 2014 12:52:28.77 
jul 22, 2014 12:52:28.77 ###!!! [Parent][MessageChannel::Call] Error: Channel error: cannot send/recv
jul 22, 2014 12:52:28.77 
jul 22, 2014 12:52:28.77 
jul 22, 2014 12:52:28.77 ###!!! [Parent][MessageChannel::Call] Error: Channel error: cannot send/recv
jul 22, 2014 12:52:28.77 
jul 22, 2014 12:52:28.77 
jul 22, 2014 12:52:28.77 ###!!! [Parent][MessageChannel::Call] Error: Channel error: cannot send/recv
jul 22, 2014 12:52:28.77 
jul 22, 2014 12:52:28.77 
jul 22, 2014 12:52:28.77 ###!!! [Parent][MessageChannel::Call] Error: Channel error: cannot send/recv
jul 22, 2014 12:52:28.77 
jul 22, 2014 12:52:28.77 
jul 22, 2014 12:52:28.77 ###!!! [Parent][MessageChannel::Call] Error: Channel error: cannot send/recv
jul 22, 2014 12:52:28.78 
jul 22, 2014 12:52:28.78 
jul 22, 2014 12:52:28.78 ###!!! [Parent][MessageChannel::Call] Error: Channel error: cannot send/recv
jul 22, 2014 12:52:28.78 
jul 22, 2014 12:52:28.78 
jul 22, 2014 12:52:28.78 ###!!! [Parent][MessageChannel::Call] Error: Channel error: cannot send/recv
jul 22, 2014 12:52:28.78 
jul 22, 2014 12:52:28.78 
jul 22, 2014 12:52:28.78 ###!!! [Parent][MessageChannel::Call] Error: Channel error: cannot send/recv
jul 22, 2014 12:52:28.78 
jul 22, 2014 12:52:28.78 
jul 22, 2014 12:52:28.78 ###!!! [Parent][MessageChannel::Call] Error: Channel error: cannot send/recv
jul 22, 2014 12:52:28.78 
jul 22, 2014 12:52:28.96 
jul 22, 2014 12:52:28.99 ###!!! [Parent][MessageChannel::Call] Error: Channel error: cannot send/recv
jul 22, 2014 12:52:28.99 
jul 22, 2014 12:52:29.26 
jul 22, 2014 12:52:29.26 ###!!! [Parent][MessageChannel::Call] Error: Channel error: cannot send/recv
jul 22, 2014 12:52:29.26 
jul 22, 2014 12:52:29.27 
jul 22, 2014 12:52:29.27 ###!!! [Parent][MessageChannel::Call] Error: Channel error: cannot send/recv
jul 22, 2014 12:52:29.27 
jul 22, 2014 12:52:29.27 
jul 22, 2014 12:52:29.27 ###!!! [Parent][MessageChannel::Call] Error: Channel error: cannot send/recv
jul 22, 2014 12:52:29.28 
jul 22, 2014 12:52:29.30 
jul 22, 2014 12:52:29.30 ###!!! [Parent][MessageChannel::Call] Error: Channel error: cannot send/recv
jul 22, 2014 12:52:29.30 
jul 22, 2014 12:52:29.31 
jul 22, 2014 12:52:29.31 ###!!! [Parent][MessageChannel] Error: Channel error: cannot send/recv
jul 22, 2014 12:52:29.31 
jul 22, 2014 12:52:29.34 
jul 22, 2014 12:52:29.34 ###!!! [Parent][MessageChannel] Error: Channel error: cannot send/recv
jul 22, 2014 12:52:29.34 
jul 22, 2014 12:52:29.34 
jul 22, 2014 12:52:29.34 ###!!! [Parent][MessageChannel] Error: Channel error: cannot send/recv
jul 22, 2014 12:52:29.34 
